e:\大三上\密码学\密码学实验\dsa\dsa\x64\debug\vc141.pdb
e:\大三上\密码学\密码学实验\dsa\dsa\x64\debug\vc141.idb
e:\大三上\密码学\密码学实验\dsa\dsa\x64\debug\bignumber.obj
e:\大三上\密码学\密码学实验\dsa\dsa\x64\debug\main.obj
e:\大三上\密码学\密码学实验\dsa\dsa\x64\debug\sha.obj
e:\大三上\密码学\密码学实验\dsa\x64\debug\dsa.exe
e:\大三上\密码学\密码学实验\dsa\x64\debug\dsa.ilk
e:\大三上\密码学\密码学实验\dsa\x64\debug\dsa.pdb
e:\大三上\密码学\密码学实验\dsa\dsa\x64\debug\bignumber.obj.enc
e:\大三上\密码学\密码学实验\dsa\dsa\x64\debug\dsa.tlog\cl.command.1.tlog
e:\大三上\密码学\密码学实验\dsa\dsa\x64\debug\dsa.tlog\cl.read.1.tlog
e:\大三上\密码学\密码学实验\dsa\dsa\x64\debug\dsa.tlog\cl.write.1.tlog
e:\大三上\密码学\密码学实验\dsa\dsa\x64\debug\dsa.tlog\link-cvtres.read.1.tlog
e:\大三上\密码学\密码学实验\dsa\dsa\x64\debug\dsa.tlog\link-cvtres.write.1.tlog
e:\大三上\密码学\密码学实验\dsa\dsa\x64\debug\dsa.tlog\link-rc.read.1.tlog
e:\大三上\密码学\密码学实验\dsa\dsa\x64\debug\dsa.tlog\link-rc.write.1.tlog
e:\大三上\密码学\密码学实验\dsa\dsa\x64\debug\dsa.tlog\link.15600-cvtres.read.1.tlog
e:\大三上\密码学\密码学实验\dsa\dsa\x64\debug\dsa.tlog\link.15600-cvtres.write.1.tlog
e:\大三上\密码学\密码学实验\dsa\dsa\x64\debug\dsa.tlog\link.15600-rc.read.1.tlog
e:\大三上\密码学\密码学实验\dsa\dsa\x64\debug\dsa.tlog\link.15600-rc.write.1.tlog
e:\大三上\密码学\密码学实验\dsa\dsa\x64\debug\dsa.tlog\link.15600.read.1.tlog
e:\大三上\密码学\密码学实验\dsa\dsa\x64\debug\dsa.tlog\link.15600.write.1.tlog
e:\大三上\密码学\密码学实验\dsa\dsa\x64\debug\dsa.tlog\link.command.1.tlog
e:\大三上\密码学\密码学实验\dsa\dsa\x64\debug\dsa.tlog\link.read.1.tlog
e:\大三上\密码学\密码学实验\dsa\dsa\x64\debug\dsa.tlog\link.write.1.tlog
